<?xml version="1.0" encoding="UTF-8"?>
<robot generator="Robot 6.0.2 (Python 3.11.3 on darwin)" generated="20230613 16:22:05.507" rpa="false" schemaversion="3">
<suite id="s1" name="Appium-Test" source="/Users/gabrielmartinez/Arcsona/CRT/appium-project/tests/appium-test.robot">
<test id="s1-t1" name="First Test cases" line="21">
<kw name="Open calculator">
<kw name="Open Application" library="AppiumLibrary">
<arg>${REMOTE_URL}</arg>
<arg>platformName=${PLATFORM_NAME}</arg>
<arg>platformVersion=${PLATFORM_VERSION}</arg>
<arg>deviceName=${DEVICE_NAME}</arg>
<arg>automationName=UiAutomator2</arg>
<arg>newCommandTimeout=2500</arg>
<arg>appActivity=${Activity_NAME}</arg>
<arg>appPackage=${PACKAGE_NAME}</arg>
<doc>Opens a new application to given Appium server.
Capabilities of appium server, Android and iOS,
Please check https://github.com/appium/appium/blob/master/docs/en/writing-running-appium/server-args.md
| *Option*            | *Man.* | *Description*     |
| remote_url          | Yes    | Appium server url |
| alias               | no     | alias             |
| strict_ssl          | No     | allows you to send commands to an invalid certificate host like a self-signed one. |</doc>
<kw name="Capture Page Screenshot" library="AppiumLibrary">
<doc>Takes a screenshot of the current page and embeds it into the log.</doc>
<msg timestamp="20230613 16:22:05.716" level="FAIL">No application is open</msg>
<status status="FAIL" starttime="20230613 16:22:05.716" endtime="20230613 16:22:05.721"/>
</kw>
<msg timestamp="20230613 16:22:05.722" level="WARN">Keyword 'Capture Page Screenshot' could not be run on failure: No application is open</msg>
<msg timestamp="20230613 16:22:05.722" level="FAIL">TypeError: WebDriver.__init__() got an unexpected keyword argument 'desired_capabilities'</msg>
<status status="FAIL" starttime="20230613 16:22:05.715" endtime="20230613 16:22:05.722"/>
</kw>
<status status="FAIL" starttime="20230613 16:22:05.715" endtime="20230613 16:22:05.722"/>
</kw>
<kw name="Click Element" library="AppiumLibrary">
<arg>xpath=//android.widget.Button[contains(@text,'6')]</arg>
<doc>Click element identified by `locator`.</doc>
<status status="NOT RUN" starttime="20230613 16:22:05.723" endtime="20230613 16:22:05.723"/>
</kw>
<kw name="Click Element" library="AppiumLibrary">
<arg>xpath=//android.widget.Button[contains(@text,'+')]</arg>
<doc>Click element identified by `locator`.</doc>
<status status="NOT RUN" starttime="20230613 16:22:05.723" endtime="20230613 16:22:05.723"/>
</kw>
<kw name="Click Element" library="AppiumLibrary">
<arg>xpath=//android.widget.Button[contains(@text,'4')]</arg>
<doc>Click element identified by `locator`.</doc>
<status status="NOT RUN" starttime="20230613 16:22:05.723" endtime="20230613 16:22:05.723"/>
</kw>
<kw name="Click Element" library="AppiumLibrary">
<arg>xpath=//android.widget.Button[contains(@text,'=')]</arg>
<doc>Click element identified by `locator`.</doc>
<status status="NOT RUN" starttime="20230613 16:22:05.723" endtime="20230613 16:22:05.723"/>
</kw>
<status status="FAIL" starttime="20230613 16:22:05.714" endtime="20230613 16:22:05.723">TypeError: WebDriver.__init__() got an unexpected keyword argument 'desired_capabilities'</status>
</test>
<status status="FAIL" starttime="20230613 16:22:05.508" endtime="20230613 16:22:05.724"/>
</suite>
<statistics>
<total>
<stat pass="0" fail="1" skip="0">All Tests</stat>
</total>
<tag>
</tag>
<suite>
<stat pass="0" fail="1" skip="0" id="s1" name="Appium-Test">Appium-Test</stat>
</suite>
</statistics>
<errors>
<msg timestamp="20230613 16:22:05.722" level="WARN">Keyword 'Capture Page Screenshot' could not be run on failure: No application is open</msg>
</errors>
</robot>
